{
  "RSpec": {
    "coverage": {
      "/Users/macbook/RubymineProjects/stock-manager/app/models/product.rb": [
        1,
        1,
        null,
        1,
        1,
        1,
        null
      ],
      "/Users/macbook/RubymineProjects/stock-manager/app/models/application_record.rb": [
        1,
        1,
        null
      ],
      "/Users/macbook/RubymineProjects/stock-manager/app/models/store.rb": [
        1,
        1,
        1,
        null
      ],
      "/Users/macbook/RubymineProjects/stock-manager/app/jobs/application_job.rb": [
        1,
        null
      ],
      "/Users/macbook/RubymineProjects/stock-manager/app/models/stock_item.rb": [
        1,
        1,
        1,
        null,
        1,
        1,
        null,
        1,
        null
      ],
      "/Users/macbook/RubymineProjects/stock-manager/app/serializers/pagination_serializer.rb": [
        1,
        1,
        1,
        1,
        1,
        1,
        null,
        null,
        null,
        null,
        null,
        null,
        0,
        null,
        null
      ],
      "/Users/macbook/RubymineProjects/stock-manager/app/services/product_manager/product_creator.rb": [
        1,
        1,
        null,
        1,
        4,
        null,
        null,
        1,
        4,
        4,
        2,
        null,
        null,
        null
      ],
      "/Users/macbook/RubymineProjects/stock-manager/app/services/application_service.rb": [
        1,
        1,
        35,
        null,
        null
      ],
      "/Users/macbook/RubymineProjects/stock-manager/app/services/product_manager/product_destroyer.rb": [
        1,
        1,
        null,
        1,
        2,
        null,
        null,
        1,
        2,
        null,
        null,
        null
      ],
      "/Users/macbook/RubymineProjects/stock-manager/app/services/product_manager/product_updator.rb": [
        1,
        1,
        null,
        1,
        4,
        4,
        null,
        null,
        1,
        4,
        2,
        null,
        null,
        null
      ],
      "/Users/macbook/RubymineProjects/stock-manager/app/services/stock_item_manager/stock_item_creator.rb": [
        1,
        1,
        null,
        1,
        4,
        null,
        null,
        1,
        4,
        4,
        2,
        null,
        null,
        null
      ],
      "/Users/macbook/RubymineProjects/stock-manager/app/services/stock_item_manager/stock_item_destroyer.rb": [
        1,
        1,
        null,
        1,
        2,
        null,
        null,
        1,
        2,
        null,
        null,
        null
      ],
      "/Users/macbook/RubymineProjects/stock-manager/app/services/stock_item_manager/stock_item_unit_adder.rb": [
        1,
        1,
        null,
        1,
        2,
        2,
        null,
        null,
        1,
        2,
        2,
        2,
        2,
        null,
        null,
        null,
        null
      ],
      "/Users/macbook/RubymineProjects/stock-manager/app/services/stock_item_manager/stock_item_unit_remover.rb": [
        1,
        1,
        null,
        1,
        3,
        3,
        null,
        null,
        1,
        3,
        3,
        3,
        2,
        null,
        null,
        null,
        null
      ],
      "/Users/macbook/RubymineProjects/stock-manager/app/services/stock_item_manager/stock_item_updator.rb": [
        1,
        1,
        null,
        1,
        4,
        4,
        null,
        null,
        1,
        4,
        2,
        null,
        null,
        null
      ],
      "/Users/macbook/RubymineProjects/stock-manager/app/services/store_manager/store_creator.rb": [
        1,
        1,
        null,
        1,
        4,
        null,
        null,
        1,
        4,
        4,
        2,
        null,
        null,
        null
      ],
      "/Users/macbook/RubymineProjects/stock-manager/app/services/store_manager/store_destroyer.rb": [
        1,
        1,
        null,
        1,
        2,
        null,
        null,
        1,
        2,
        null,
        null,
        null
      ],
      "/Users/macbook/RubymineProjects/stock-manager/app/services/store_manager/store_updator.rb": [
        1,
        1,
        null,
        1,
        4,
        4,
        null,
        null,
        1,
        4,
        2,
        null,
        null,
        null
      ],
      "/Users/macbook/RubymineProjects/stock-manager/app/controllers/v1/products_controller.rb": [
        1,
        1,
        1,
        null,
        null,
        1,
        1,
        1,
        null,
        null,
        null,
        1,
        2,
        1,
        null,
        null,
        null,
        1,
        1,
        null,
        null,
        null,
        1,
        2,
        1,
        null,
        null,
        null,
        1,
        1,
        1,
        null,
        null,
        1,
        null,
        1,
        null,
        4,
        null,
        null,
        1,
        6,
        null,
        null,
        null
      ],
      "/Users/macbook/RubymineProjects/stock-manager/app/controllers/application_controller.rb": [
        1,
        1,
        1,
        null,
        1,
        3,
        3,
        3,
        3,
        null,
        null
      ],
      "/Users/macbook/RubymineProjects/stock-manager/app/controllers/concerns/response.rb": [
        1,
        1,
        29,
        null,
        null
      ],
      "/Users/macbook/RubymineProjects/stock-manager/app/controllers/concerns/exception_handler.rb": [
        1,
        1,
        null,
        1,
        1,
        9,
        null,
        null,
        1,
        6,
        null,
        null,
        null
      ],
      "/Users/macbook/RubymineProjects/stock-manager/app/serializers/product_serializer.rb": [
        1,
        1,
        null,
        1,
        null
      ],
      "/Users/macbook/RubymineProjects/stock-manager/app/controllers/v1/stores/stock_items_controller.rb": [
        null,
        null,
        1,
        1,
        1,
        1,
        null,
        null,
        null,
        1,
        1,
        1,
        null,
        null,
        null,
        1,
        2,
        null,
        null,
        1,
        null,
        null,
        null,
        1,
        1,
        null,
        null,
        null,
        1,
        2,
        null,
        null,
        1,
        null,
        null,
        null,
        1,
        1,
        1,
        null,
        null,
        1,
        1,
        null,
        1,
        null,
        null,
        1,
        1,
        null,
        1,
        null,
        null,
        1,
        null,
        1,
        null,
        4,
        null,
        null,
        1,
        2,
        null,
        null,
        1,
        11,
        null,
        null,
        null,
        null,
        null
      ],
      "/Users/macbook/RubymineProjects/stock-manager/app/serializers/stock_item_serializer.rb": [
        1,
        1,
        null,
        1,
        null,
        1,
        1,
        1,
        null,
        1,
        6,
        null,
        null,
        null,
        null,
        null,
        null,
        null,
        null
      ],
      "/Users/macbook/RubymineProjects/stock-manager/app/serializers/store_serializer.rb": [
        1,
        1,
        null,
        1,
        null
      ],
      "/Users/macbook/RubymineProjects/stock-manager/app/controllers/v1/stores_controller.rb": [
        1,
        1,
        1,
        null,
        null,
        1,
        1,
        1,
        null,
        null,
        null,
        1,
        2,
        1,
        null,
        null,
        null,
        1,
        1,
        null,
        null,
        null,
        1,
        2,
        1,
        null,
        null,
        null,
        1,
        1,
        1,
        null,
        null,
        1,
        null,
        1,
        null,
        4,
        null,
        null,
        1,
        6,
        null,
        null,
        null
      ]
    },
    "timestamp": 1592098035
  }
}
